<?xml version="1.0" encoding="UTF-8" ?>
<testsuite errors="0" failures="0" hostname="Thinkpad" name="finale.CalendarTest" tests="9" time="107.328" timestamp="2009-06-29T12:54:12">
  <properties>
[...]
</properties>
  <testcase classname="finale.CalendarTest" name="testIsHoliday" time="0.063" />
  <testcase classname="finale.CalendarTest" name="testGetNextWorkDay" time="0.0" />
  <testcase classname="finale.CalendarTest" name="testGetPrevWorkDay" time="0.0" />
  <testcase classname="finale.CalendarTest" name="testGetWorkDay" time="107.062" />
  <testcase classname="finale.CalendarTest" name="testIsWeekDay" time="0.0" />
  <testcase classname="finale.CalendarTest" name="testGetCalendar" time="0.0" />
  <testcase classname="finale.CalendarTest" name="testGetEasterSunday" time="0.0" />
  <testcase classname="finale.CalendarTest" name="testGetEasterFriday" time="0.0" />
  <testcase classname="finale.CalendarTest" name="testGetEasterMonday" time="0.0" />
  <system-out><![CDATA[]]></system-out>
  <system-err><![CDATA[]]></system-err>
</testsuite>
